This is pdfTeX, Version 3.141592653-2.6-1.40.24 (MiKTeX 22.1) (preloaded format=pdflatex 2025.10.1)  15 OCT 2025 09:12
entering extended mode
 restricted \write18 enabled.
 file:line:error style messages enabled.
 %&-line parsing enabled.
**/Users/masoudhamad/Documents/Teaching/Training/Latex_AI_Workshop_SUZA/Latex_AI_Workshop_SUZA/01_Day1_Basics/01_Day1_Basics.tex
(/Users/masoudhamad/Documents/Teaching/Training/Latex_AI_Workshop_SUZA/Latex_AI_Workshop_SUZA/01_Day1_Basics/01_Day1_Basics.tex
LaTeX2e <2025-06-01> patch level 1
L3 programming layer <2025-09-02>
(/Users/masoudhamad/Library/Application Support/MiKTeX/texmfs/install/tex/latex/beamer/beamer.cls
Document Class: beamer 2025/08/13 v3.76 A class for typesetting presentations
(/Users/masoudhamad/Library/Application Support/MiKTeX/texmfs/install/tex/latex/beamer/beamerbasemodes.sty (/Users/masoudhamad/Library/Application Support/MiKTeX/texmfs/install/tex/latex/etoolbox/etoolbox.sty
Package: etoolbox 2025/02/11 v2.5l e-TeX tools for LaTeX (JAW)
\etb@tempcnta=\count275
)
\beamer@tempbox=\box53
\beamer@tempcount=\count276
\c@beamerpauses=\count277
 (/Users/masoudhamad/Library/Application Support/MiKTeX/texmfs/install/tex/latex/beamer/beamerbasedecode.sty
\beamer@slideinframe=\count278
\beamer@minimum=\count279
\beamer@decode@box=\box54
)
\beamer@commentbox=\box55
\beamer@modecount=\count280
) (/Users/masoudhamad/Library/Application Support/MiKTeX/texmfs/install/tex/generic/iftex/iftex.sty
Package: iftex 2024/12/12 v1.0g TeX engine tests
)
\headdp=\dimen148
\footheight=\dimen149
\sidebarheight=\dimen150
\beamer@tempdim=\dimen151
\beamer@finalheight=\dimen152
\beamer@animht=\dimen153
\beamer@animdp=\dimen154
\beamer@animwd=\dimen155
\beamer@leftmargin=\dimen156
\beamer@rightmargin=\dimen157
\beamer@leftsidebar=\dimen158
\beamer@rightsidebar=\dimen159
\beamer@boxsize=\dimen160
\beamer@vboxoffset=\dimen161
\beamer@descdefault=\dimen162
\beamer@descriptionwidth=\dimen163
\beamer@lastskip=\skip49
\beamer@areabox=\box56
\beamer@animcurrent=\box57
\beamer@animshowbox=\box58
\beamer@sectionbox=\box59
\beamer@logobox=\box60
\beamer@linebox=\box61
\beamer@sectioncount=\count281
\beamer@subsubsectionmax=\count282
\beamer@subsectionmax=\count283
\beamer@sectionmax=\count284
\beamer@totalheads=\count285
\beamer@headcounter=\count286
\beamer@partstartpage=\count287
\beamer@sectionstartpage=\count288
\beamer@subsectionstartpage=\count289
\beamer@animationtempa=\count290
\beamer@animationtempb=\count291
\beamer@xpos=\count292
\beamer@ypos=\count293
\beamer@ypos@offset=\count294
\beamer@showpartnumber=\count295
\beamer@currentsubsection=\count296
\beamer@coveringdepth=\count297
\beamer@sectionadjust=\count298
\beamer@toclastsection=\count299
\beamer@tocsectionnumber=\count300
 (/Users/masoudhamad/Library/Application Support/MiKTeX/texmfs/install/tex/latex/beamer/beamerbaseoptions.sty (/Users/masoudhamad/Library/Application Support/MiKTeX/texmfs/install/tex/latex/graphics/keyval.sty
Package: keyval 2022/05/29 v1.15 key=value parser (DPC)
\KV@toks@=\toks17
))
\beamer@paperwidth=\skip50
\beamer@paperheight=\skip51
 (/Users/masoudhamad/Library/Application Support/MiKTeX/texmfs/install/tex/latex/geometry/geometry.sty
Package: geometry 2020/01/02 v5.9 Page Geometry
 (/Users/masoudhamad/Library/Application Support/MiKTeX/texmfs/install/tex/generic/iftex/ifvtex.sty
Package: ifvtex 2019/10/25 v1.7 ifvtex legacy package. Use iftex instead.
)
\Gm@cnth=\count301
\Gm@cntv=\count302
\c@Gm@tempcnt=\count303
\Gm@bindingoffset=\dimen164
\Gm@wd@mp=\dimen165
\Gm@odd@mp=\dimen166
\Gm@even@mp=\dimen167
\Gm@layoutwidth=\dimen168
\Gm@layoutheight=\dimen169
\Gm@layouthoffset=\dimen170
\Gm@layoutvoffset=\dimen171
\Gm@dimlist=\toks18
 (/Users/masoudhamad/Library/Application Support/MiKTeX/texmfs/install/tex/latex/geometry/geometry.cfg)) (/Users/masoudhamad/Library/Application Support/MiKTeX/texmfs/install/tex/latex/pgf/math/pgfmath.sty (/Users/masoudhamad/Library/Application Support/MiKTeX/texmfs/install/tex/latex/pgf/utilities/pgfrcs.sty (/Users/masoudhamad/Library/Application Support/MiKTeX/texmfs/install/tex/generic/pgf/utilities/pgfutil-common.tex
\pgfutil@everybye=\toks19
\pgfutil@tempdima=\dimen172
\pgfutil@tempdimb=\dimen173
) (/Users/masoudhamad/Library/Application Support/MiKTeX/texmfs/install/tex/generic/pgf/utilities/pgfutil-latex.def
\pgfutil@abb=\box62
) (/Users/masoudhamad/Library/Application Support/MiKTeX/texmfs/install/tex/generic/pgf/utilities/pgfrcs.code.tex (/Users/masoudhamad/Library/Application Support/MiKTeX/texmfs/install/tex/generic/pgf/pgf.revision.tex)
Package: pgfrcs 2025-08-29 v3.1.11a (3.1.11a)
)) (/Users/masoudhamad/Library/Application Support/MiKTeX/texmfs/install/tex/latex/pgf/utilities/pgfkeys.sty (/Users/masoudhamad/Library/Application Support/MiKTeX/texmfs/install/tex/generic/pgf/utilities/pgfkeys.code.tex
\pgfkeys@pathtoks=\toks20
\pgfkeys@temptoks=\toks21
 (/Users/masoudhamad/Library/Application Support/MiKTeX/texmfs/install/tex/generic/pgf/utilities/pgfkeyslibraryfiltered.code.tex
\pgfkeys@tmptoks=\toks22
))) (/Users/masoudhamad/Library/Application Support/MiKTeX/texmfs/install/tex/generic/pgf/math/pgfmath.code.tex (/Users/masoudhamad/Library/Application Support/MiKTeX/texmfs/install/tex/generic/pgf/math/pgfmathutil.code.tex
\pgf@x=\dimen174
\pgf@xa=\dimen175
\pgf@xb=\dimen176
\pgf@xc=\dimen177
\pgf@y=\dimen178
\pgf@ya=\dimen179
\pgf@yb=\dimen180
\pgf@yc=\dimen181
\c@pgf@counta=\count304
\c@pgf@countb=\count305
\c@pgf@countc=\count306
\c@pgf@countd=\count307
) (/Users/masoudhamad/Library/Application Support/MiKTeX/texmfs/install/tex/generic/pgf/math/pgfmathparser.code.tex
\pgfmath@dimen=\dimen182
\pgfmath@count=\count308
\pgfmath@box=\box63
\pgfmath@toks=\toks23
\pgfmath@stack@operand=\toks24
\pgfmath@stack@operation=\toks25
) (/Users/masoudhamad/Library/Application Support/MiKTeX/texmfs/install/tex/generic/pgf/math/pgfmathfunctions.code.tex) (/Users/masoudhamad/Library/Application Support/MiKTeX/texmfs/install/tex/generic/pgf/math/pgfmathfunctions.basic.code.tex) (/Users/masoudhamad/Library/Application Support/MiKTeX/texmfs/install/tex/generic/pgf/math/pgfmathfunctions.trigonometric.code.tex) (/Users/masoudhamad/Library/Application Support/MiKTeX/texmfs/install/tex/generic/pgf/math/pgfmathfunctions.random.code.tex) (/Users/masoudhamad/Library/Application Support/MiKTeX/texmfs/install/tex/generic/pgf/math/pgfmathfunctions.comparison.code.tex) (/Users/masoudhamad/Library/Application Support/MiKTeX/texmfs/install/tex/generic/pgf/math/pgfmathfunctions.base.code.tex) (/Users/masoudhamad/Library/Application Support/MiKTeX/texmfs/install/tex/generic/pgf/math/pgfmathfunctions.round.code.tex) (/Users/masoudhamad/Library/Application Support/MiKTeX/texmfs/install/tex/generic/pgf/math/pgfmathfunctions.misc.code.tex) (/Users/masoudhamad/Library/Application Support/MiKTeX/texmfs/install/tex/generic/pgf/math/pgfmathfunctions.integerarithmetics.code.tex) (/Users/masoudhamad/Library/Application Support/MiKTeX/texmfs/install/tex/generic/pgf/math/pgfmathcalc.code.tex) (/Users/masoudhamad/Library/Application Support/MiKTeX/texmfs/install/tex/generic/pgf/math/pgfmathfloat.code.tex
\c@pgfmathroundto@lastzeros=\count309
))) (/Users/masoudhamad/Library/Application Support/MiKTeX/texmfs/install/tex/latex/base/size11.clo
File: size11.clo 2025/01/22 v1.4n Standard LaTeX file (size option)
) (/Users/masoudhamad/Library/Application Support/MiKTeX/texmfs/install/tex/latex/pgf/basiclayer/pgfcore.sty (/Users/masoudhamad/Library/Application Support/MiKTeX/texmfs/install/tex/latex/graphics/graphicx.sty
Package: graphicx 2024/12/31 v1.2e Enhanced LaTeX Graphics (DPC,SPQR)
 (/Users/masoudhamad/Library/Application Support/MiKTeX/texmfs/install/tex/latex/graphics/graphics.sty
Package: graphics 2024/08/06 v1.4g Standard LaTeX Graphics (DPC,SPQR)
 (/Users/masoudhamad/Library/Application Support/MiKTeX/texmfs/install/tex/latex/graphics/trig.sty
Package: trig 2023/12/02 v1.11 sin cos tan (DPC)
) (/Users/masoudhamad/Library/Application Support/MiKTeX/texmfs/install/tex/latex/graphics-cfg/graphics.cfg
File: graphics.cfg 2016/06/04 v1.11 sample graphics configuration
)
Package graphics Info: Driver file: pdftex.def on input line 106.
 (/Users/masoudhamad/Library/Application Support/MiKTeX/texmfs/install/tex/latex/graphics-def/pdftex.def
File: pdftex.def 2024/04/13 v1.2c Graphics/color driver for pdftex
))
\Gin@req@height=\dimen183
\Gin@req@width=\dimen184
) (/Users/masoudhamad/Library/Application Support/MiKTeX/texmfs/install/tex/latex/pgf/systemlayer/pgfsys.sty (/Users/masoudhamad/Library/Application Support/MiKTeX/texmfs/install/tex/generic/pgf/systemlayer/pgfsys.code.tex
Package: pgfsys 2025-08-29 v3.1.11a (3.1.11a)
\pgf@x=\dimen185
\pgf@y=\dimen186
\pgf@xa=\dimen187
\pgf@ya=\dimen188
\pgf@xb=\dimen189
\pgf@yb=\dimen190
\pgf@xc=\dimen191
\pgf@yc=\dimen192
\pgf@xd=\dimen193
\pgf@yd=\dimen194
\w@pgf@writea=\write3
\r@pgf@reada=\read2
\c@pgf@counta=\count310
\c@pgf@countb=\count311
\c@pgf@countc=\count312
\c@pgf@countd=\count313
\t@pgf@toka=\toks26
\t@pgf@tokb=\toks27
\t@pgf@tokc=\toks28
\pgf@sys@id@count=\count314
 (/Users/masoudhamad/Library/Application Support/MiKTeX/texmfs/install/tex/generic/pgf/systemlayer/pgf.cfg
File: pgf.cfg 2025-08-29 v3.1.11a (3.1.11a)
)
Driver file for pgf: pgfsys-pdftex.def
 (/Users/masoudhamad/Library/Application Support/MiKTeX/texmfs/install/tex/generic/pgf/systemlayer/pgfsys-pdftex.def
File: pgfsys-pdftex.def 2025-08-29 v3.1.11a (3.1.11a)
 (/Users/masoudhamad/Library/Application Support/MiKTeX/texmfs/install/tex/generic/pgf/systemlayer/pgfsys-common-pdf.def
File: pgfsys-common-pdf.def 2025-08-29 v3.1.11a (3.1.11a)
))) (/Users/masoudhamad/Library/Application Support/MiKTeX/texmfs/install/tex/generic/pgf/systemlayer/pgfsyssoftpath.code.tex
File: pgfsyssoftpath.code.tex 2025-08-29 v3.1.11a (3.1.11a)
\pgfsyssoftpath@smallbuffer@items=\count315
\pgfsyssoftpath@bigbuffer@items=\count316
) (/Users/masoudhamad/Library/Application Support/MiKTeX/texmfs/install/tex/generic/pgf/systemlayer/pgfsysprotocol.code.tex
File: pgfsysprotocol.code.tex 2025-08-29 v3.1.11a (3.1.11a)
)) (/Users/masoudhamad/Library/Application Support/MiKTeX/texmfs/install/tex/latex/xcolor/xcolor.sty
Package: xcolor 2024/09/29 v3.02 LaTeX color extensions (UK)
 (/Users/masoudhamad/Library/Application Support/MiKTeX/texmfs/install/tex/latex/graphics-cfg/color.cfg
File: color.cfg 2016/01/02 v1.6 sample color configuration
)
Package xcolor Info: Driver file: pdftex.def on input line 274.
 (/Users/masoudhamad/Library/Application Support/MiKTeX/texmfs/install/tex/latex/graphics/mathcolor.ltx)
Package xcolor Info: Model `cmy' substituted by `cmy0' on input line 1349.
Package xcolor Info: Model `hsb' substituted by `rgb' on input line 1353.
Package xcolor Info: Model `RGB' extended on input line 1365.
Package xcolor Info: Model `HTML' substituted by `rgb' on input line 1367.
Package xcolor Info: Model `Hsb' substituted by `hsb' on input line 1368.
Package xcolor Info: Model `tHsb' substituted by `hsb' on input line 1369.
Package xcolor Info: Model `HSB' substituted by `hsb' on input line 1370.
Package xcolor Info: Model `Gray' substituted by `gray' on input line 1371.
Package xcolor Info: Model `wave' substituted by `hsb' on input line 1372.
) (/Users/masoudhamad/Library/Application Support/MiKTeX/texmfs/install/tex/generic/pgf/basiclayer/pgfcore.code.tex
Package: pgfcore 2025-08-29 v3.1.11a (3.1.11a)
 (/Users/masoudhamad/Library/Application Support/MiKTeX/texmfs/install/tex/generic/pgf/math/pgfint.code.tex) (/Users/masoudhamad/Library/Application Support/MiKTeX/texmfs/install/tex/generic/pgf/basiclayer/pgfcorepoints.code.tex
File: pgfcorepoints.code.tex 2025-08-29 v3.1.11a (3.1.11a)
\pgf@picminx=\dimen195
\pgf@picmaxx=\dimen196
\pgf@picminy=\dimen197
\pgf@picmaxy=\dimen198
\pgf@pathminx=\dimen199
\pgf@pathmaxx=\dimen256
\pgf@pathminy=\dimen257
\pgf@pathmaxy=\dimen258
\pgf@xx=\dimen259
\pgf@xy=\dimen260
\pgf@yx=\dimen261
\pgf@yy=\dimen262
\pgf@zx=\dimen263
\pgf@zy=\dimen264
) (/Users/masoudhamad/Library/Application Support/MiKTeX/texmfs/install/tex/generic/pgf/basiclayer/pgfcorepathconstruct.code.tex
File: pgfcorepathconstruct.code.tex 2025-08-29 v3.1.11a (3.1.11a)
\pgf@path@lastx=\dimen265
\pgf@path@lasty=\dimen266
) (/Users/masoudhamad/Library/Application Support/MiKTeX/texmfs/install/tex/generic/pgf/basiclayer/pgfcorepathusage.code.tex
File: pgfcorepathusage.code.tex 2025-08-29 v3.1.11a (3.1.11a)
\pgf@shorten@end@additional=\dimen267
\pgf@shorten@start@additional=\dimen268
) (/Users/masoudhamad/Library/Application Support/MiKTeX/texmfs/install/tex/generic/pgf/basiclayer/pgfcorescopes.code.tex
File: pgfcorescopes.code.tex 2025-08-29 v3.1.11a (3.1.11a)
\pgfpic=\box64
\pgf@hbox=\box65
\pgf@layerbox@main=\box66
\pgf@picture@serial@count=\count317
) (/Users/masoudhamad/Library/Application Support/MiKTeX/texmfs/install/tex/generic/pgf/basiclayer/pgfcoregraphicstate.code.tex
File: pgfcoregraphicstate.code.tex 2025-08-29 v3.1.11a (3.1.11a)
\pgflinewidth=\dimen269
) (/Users/masoudhamad/Library/Application Support/MiKTeX/texmfs/install/tex/generic/pgf/basiclayer/pgfcoretransformations.code.tex
File: pgfcoretransformations.code.tex 2025-08-29 v3.1.11a (3.1.11a)
\pgf@pt@x=\dimen270
\pgf@pt@y=\dimen271
\pgf@pt@temp=\dimen272
) (/Users/masoudhamad/Library/Application Support/MiKTeX/texmfs/install/tex/generic/pgf/basiclayer/pgfcorequick.code.tex
File: pgfcorequick.code.tex 2025-08-29 v3.1.11a (3.1.11a)
) (/Users/masoudhamad/Library/Application Support/MiKTeX/texmfs/install/tex/generic/pgf/basiclayer/pgfcoreobjects.code.tex
File: pgfcoreobjects.code.tex 2025-08-29 v3.1.11a (3.1.11a)
) (/Users/masoudhamad/Library/Application Support/MiKTeX/texmfs/install/tex/generic/pgf/basiclayer/pgfcorepathprocessing.code.tex
File: pgfcorepathprocessing.code.tex 2025-08-29 v3.1.11a (3.1.11a)
) (/Users/masoudhamad/Library/Application Support/MiKTeX/texmfs/install/tex/generic/pgf/basiclayer/pgfcorearrows.code.tex
File: pgfcorearrows.code.tex 2025-08-29 v3.1.11a (3.1.11a)
\pgfarrowsep=\dimen273
) (/Users/masoudhamad/Library/Application Support/MiKTeX/texmfs/install/tex/generic/pgf/basiclayer/pgfcoreshade.code.tex
File: pgfcoreshade.code.tex 2025-08-29 v3.1.11a (3.1.11a)
\pgf@max=\dimen274
\pgf@sys@shading@range@num=\count318
\pgf@shadingcount=\count319
) (/Users/masoudhamad/Library/Application Support/MiKTeX/texmfs/install/tex/generic/pgf/basiclayer/pgfcoreimage.code.tex
File: pgfcoreimage.code.tex 2025-08-29 v3.1.11a (3.1.11a)
) (/Users/masoudhamad/Library/Application Support/MiKTeX/texmfs/install/tex/generic/pgf/basiclayer/pgfcoreexternal.code.tex
File: pgfcoreexternal.code.tex 2025-08-29 v3.1.11a (3.1.11a)
\pgfexternal@startupbox=\box67
) (/Users/masoudhamad/Library/Application Support/MiKTeX/texmfs/install/tex/generic/pgf/basiclayer/pgfcorelayers.code.tex
File: pgfcorelayers.code.tex 2025-08-29 v3.1.11a (3.1.11a)
) (/Users/masoudhamad/Library/Application Support/MiKTeX/texmfs/install/tex/generic/pgf/basiclayer/pgfcoretransparency.code.tex
File: pgfcoretransparency.code.tex 2025-08-29 v3.1.11a (3.1.11a)
) (/Users/masoudhamad/Library/Application Support/MiKTeX/texmfs/install/tex/generic/pgf/basiclayer/pgfcorepatterns.code.tex
File: pgfcorepatterns.code.tex 2025-08-29 v3.1.11a (3.1.11a)
) (/Users/masoudhamad/Library/Application Support/MiKTeX/texmfs/install/tex/generic/pgf/basiclayer/pgfcorerdf.code.tex
File: pgfcorerdf.code.tex 2025-08-29 v3.1.11a (3.1.11a)
))) (/Users/masoudhamad/Library/Application Support/MiKTeX/texmfs/install/tex/latex/pgf/utilities/xxcolor.sty
Package: xxcolor 2003/10/24 ver 0.1
\XC@nummixins=\count320
\XC@countmixins=\count321
) (/Users/masoudhamad/Library/Application Support/MiKTeX/texmfs/install/tex/latex/base/atbegshi-ltx.sty
Package: atbegshi-ltx 2021/01/10 v1.0c Emulation of the original atbegshi
package with kernel methods
) (/Users/masoudhamad/Library/Application Support/MiKTeX/texmfs/install/tex/latex/hyperref/hyperref.sty
Package: hyperref 2025-07-12 v7.01o Hypertext links for LaTeX
 (/Users/masoudhamad/Library/Application Support/MiKTeX/texmfs/install/tex/latex/kvsetkeys/kvsetkeys.sty
Package: kvsetkeys 2022-10-05 v1.19 Key value parser (HO)
) (/Users/masoudhamad/Library/Application Support/MiKTeX/texmfs/install/tex/generic/kvdefinekeys/kvdefinekeys.sty
Package: kvdefinekeys 2019-12-19 v1.6 Define keys (HO)
) (/Users/masoudhamad/Library/Application Support/MiKTeX/texmfs/install/tex/generic/pdfescape/pdfescape.sty
Package: pdfescape 2019/12/09 v1.15 Implements pdfTeX's escape features (HO)
 (/Users/masoudhamad/Library/Application Support/MiKTeX/texmfs/install/tex/generic/ltxcmds/ltxcmds.sty
Package: ltxcmds 2023-12-04 v1.26 LaTeX kernel commands for general use (HO)
) (/Users/masoudhamad/Library/Application Support/MiKTeX/texmfs/install/tex/generic/pdftexcmds/pdftexcmds.sty
Package: pdftexcmds 2020-06-27 v0.33 Utility functions of pdfTeX for LuaTeX (HO)
 (/Users/masoudhamad/Library/Application Support/MiKTeX/texmfs/install/tex/generic/infwarerr/infwarerr.sty
Package: infwarerr 2019/12/03 v1.5 Providing info/warning/error messages (HO)
)
Package pdftexcmds Info: \pdf@primitive is available.
Package pdftexcmds Info: \pdf@ifprimitive is available.
Package pdftexcmds Info: \pdfdraftmode found.
)) (/Users/masoudhamad/Library/Application Support/MiKTeX/texmfs/install/tex/latex/hycolor/hycolor.sty
Package: hycolor 2020-01-27 v1.10 Color options for hyperref/bookmark (HO)
) (/Users/masoudhamad/Library/Application Support/MiKTeX/texmfs/install/tex/latex/hyperref/nameref.sty
Package: nameref 2025-06-21 v2.57 Cross-referencing by name of section
 (/Users/masoudhamad/Library/Application Support/MiKTeX/texmfs/install/tex/latex/refcount/refcount.sty
Package: refcount 2019/12/15 v3.6 Data extraction from label references (HO)
) (/Users/masoudhamad/Library/Application Support/MiKTeX/texmfs/install/tex/generic/gettitlestring/gettitlestring.sty
Package: gettitlestring 2019/12/15 v1.6 Cleanup title references (HO)
 (/Users/masoudhamad/Library/Application Support/MiKTeX/texmfs/install/tex/latex/kvoptions/kvoptions.sty
Package: kvoptions 2022-06-15 v3.15 Key value format for package options (HO)
))
\c@section@level=\count322
) (/Users/masoudhamad/Library/Application Support/MiKTeX/texmfs/install/tex/generic/stringenc/stringenc.sty
Package: stringenc 2019/11/29 v1.12 Convert strings between diff. encodings (HO)
)
\@linkdim=\dimen275
\Hy@linkcounter=\count323
\Hy@pagecounter=\count324
 (/Users/masoudhamad/Library/Application Support/MiKTeX/texmfs/install/tex/latex/hyperref/pd1enc.def
File: pd1enc.def 2025-07-12 v7.01o Hyperref: PDFDocEncoding definition (HO)
Now handling font encoding PD1 ...
... no UTF-8 mapping file for font encoding PD1
) (/Users/masoudhamad/Library/Application Support/MiKTeX/texmfs/install/tex/generic/intcalc/intcalc.sty
Package: intcalc 2019/12/15 v1.3 Expandable calculations with integers (HO)
)
\Hy@SavedSpaceFactor=\count325
 (/Users/masoudhamad/Library/Application Support/MiKTeX/texmfs/install/tex/latex/hyperref/puenc.def
File: puenc.def 2025-07-12 v7.01o Hyperref: PDF Unicode definition (HO)
Now handling font encoding PU ...
... no UTF-8 mapping file for font encoding PU
)
Package hyperref Info: Option `bookmarks' set `true' on input line 4066.
Package hyperref Info: Option `bookmarksopen' set `true' on input line 4066.
Package hyperref Info: Option `implicit' set `false' on input line 4066.
Package hyperref Info: Hyper figures OFF on input line 4195.
Package hyperref Info: Link nesting OFF on input line 4200.
Package hyperref Info: Hyper index ON on input line 4203.
Package hyperref Info: Plain pages OFF on input line 4210.
Package hyperref Info: Backreferencing OFF on input line 4215.
Package hyperref Info: Implicit mode OFF; no redefinition of LaTeX internals.
Package hyperref Info: Bookmarks ON on input line 4462.
\c@Hy@tempcnt=\count326
 (/Users/masoudhamad/Library/Application Support/MiKTeX/texmfs/install/tex/latex/url/url.sty
\Urlmuskip=\muskip17
Package: url 2013/09/16  ver 3.4  Verb mode for urls, etc.
)
LaTeX Info: Redefining \url on input line 4801.
\XeTeXLinkMargin=\dimen276
 (/Users/masoudhamad/Library/Application Support/MiKTeX/texmfs/install/tex/generic/bitset/bitset.sty
Package: bitset 2019/12/09 v1.3 Handle bit-vector datatype (HO)
 (/Users/masoudhamad/Library/Application Support/MiKTeX/texmfs/install/tex/generic/bigintcalc/bigintcalc.sty
Package: bigintcalc 2019/12/15 v1.5 Expandable calculations on big integers (HO)
))
\Fld@menulength=\count327
\Field@Width=\dimen277
\Fld@charsize=\dimen278
Package hyperref Info: Hyper figures OFF on input line 6078.
Package hyperref Info: Link nesting OFF on input line 6083.
Package hyperref Info: Hyper index ON on input line 6086.
Package hyperref Info: backreferencing OFF on input line 6093.
Package hyperref Info: Link coloring OFF on input line 6098.
Package hyperref Info: Link coloring with OCG OFF on input line 6103.
Package hyperref Info: PDF/A mode OFF on input line 6108.
\Hy@abspage=\count328


Package hyperref Message: Stopped early.

)
Package hyperref Info: Driver (autodetected): hpdftex.
 (/Users/masoudhamad/Library/Application Support/MiKTeX/texmfs/install/tex/latex/hyperref/hpdftex.def
File: hpdftex.def 2025-07-12 v7.01o Hyperref driver for pdfTeX
\Fld@listcount=\count329
\c@bookmark@seq@number=\count330
 (/Users/masoudhamad/Library/Application Support/MiKTeX/texmfs/install/tex/latex/rerunfilecheck/rerunfilecheck.sty
Package: rerunfilecheck 2025-06-21 v1.11 Rerun checks for auxiliary files (HO)
 (/Users/masoudhamad/Library/Application Support/MiKTeX/texmfs/install/tex/generic/uniquecounter/uniquecounter.sty
Package: uniquecounter 2019/12/15 v1.4 Provide unlimited unique counter (HO)
)
Package uniquecounter Info: New unique counter `rerunfilecheck' on input line 284.
)) (/Users/masoudhamad/Library/Application Support/MiKTeX/texmfs/install/tex/latex/beamer/beamerbaserequires.sty (/Users/masoudhamad/Library/Application Support/MiKTeX/texmfs/install/tex/latex/beamer/beamerbasecompatibility.sty) (/Users/masoudhamad/Library/Application Support/MiKTeX/texmfs/install/tex/latex/beamer/beamerbasefont.sty (/Users/masoudhamad/Library/Application Support/MiKTeX/texmfs/install/tex/latex/amsfonts/amssymb.sty
Package: amssymb 2013/01/14 v3.01 AMS font symbols
 (/Users/masoudhamad/Library/Application Support/MiKTeX/texmfs/install/tex/latex/amsfonts/amsfonts.sty
Package: amsfonts 2013/01/14 v3.01 Basic AMSFonts support
\@emptytoks=\toks29
\symAMSa=\mathgroup4
\symAMSb=\mathgroup5
LaTeX Font Info:    Redeclaring math symbol \hbar on input line 98.
LaTeX Font Info:    Overwriting math alphabet `\mathfrak' in version `bold'
(Font)                  U/euf/m/n --> U/euf/b/n on input line 106.
)) (/Users/masoudhamad/Library/Application Support/MiKTeX/texmfs/install/tex/latex/sansmathaccent/sansmathaccent.sty
Package: sansmathaccent 2020/01/31
 (/Users/masoudhamad/Library/Application Support/MiKTeX/texmfs/install/tex/latex/koma-script/scrlfile.sty
Package: scrlfile 2025/09/09 v3.48 KOMA-Script package (file load hooks)
 (/Users/masoudhamad/Library/Application Support/MiKTeX/texmfs/install/tex/latex/koma-script/scrlfile-hook.sty
Package: scrlfile-hook 2025/09/09 v3.48 KOMA-Script package (using LaTeX hooks)
 (/Users/masoudhamad/Library/Application Support/MiKTeX/texmfs/install/tex/latex/koma-script/scrlogo.sty
Package: scrlogo 2025/09/09 v3.48 KOMA-Script package (logo)
))))) (/Users/masoudhamad/Library/Application Support/MiKTeX/texmfs/install/tex/latex/beamer/beamerbasetranslator.sty (/Users/masoudhamad/Library/Application Support/MiKTeX/texmfs/install/tex/latex/translator/translator.sty
Package: translator 2021-05-31 v1.12d Easy translation of strings in LaTeX
)) (/Users/masoudhamad/Library/Application Support/MiKTeX/texmfs/install/tex/latex/beamer/beamerbasemisc.sty) (/Users/masoudhamad/Library/Application Support/MiKTeX/texmfs/install/tex/latex/beamer/beamerbasetwoscreens.sty) (/Users/masoudhamad/Library/Application Support/MiKTeX/texmfs/install/tex/latex/beamer/beamerbaseoverlay.sty
\beamer@argscount=\count331
\beamer@lastskipcover=\skip52
\beamer@trivlistdepth=\count332
) (/Users/masoudhamad/Library/Application Support/MiKTeX/texmfs/install/tex/latex/beamer/beamerbasetitle.sty) (/Users/masoudhamad/Library/Application Support/MiKTeX/texmfs/install/tex/latex/beamer/beamerbasesection.sty
\c@lecture=\count333
\c@part=\count334
\c@section=\count335
\c@subsection=\count336
\c@subsubsection=\count337
) (/Users/masoudhamad/Library/Application Support/MiKTeX/texmfs/install/tex/latex/beamer/beamerbaseframe.sty
\beamer@framebox=\box68
\beamer@frametitlebox=\box69
\beamer@zoombox=\box70
\beamer@zoomcount=\count338
\beamer@zoomframecount=\count339
\beamer@frametextheight=\dimen279
\c@subsectionslide=\count340
\beamer@frametopskip=\skip53
\beamer@framebottomskip=\skip54
\beamer@frametopskipautobreak=\skip55
\beamer@framebottomskipautobreak=\skip56
\beamer@envbody=\toks30
\framewidth=\dimen280
\c@framenumber=\count341
) (/Users/masoudhamad/Library/Application Support/MiKTeX/texmfs/install/tex/latex/beamer/beamerbaseverbatim.sty
\beamer@verbatimfileout=\write4
) (/Users/masoudhamad/Library/Application Support/MiKTeX/texmfs/install/tex/latex/beamer/beamerbaseframesize.sty
\beamer@splitbox=\box71
\beamer@autobreakcount=\count342
\beamer@autobreaklastheight=\dimen281
\beamer@frametitletoks=\toks31
\beamer@framesubtitletoks=\toks32
) (/Users/masoudhamad/Library/Application Support/MiKTeX/texmfs/install/tex/latex/beamer/beamerbaseframecomponents.sty
\beamer@colheight=\skip57
\beamer@footins=\box72
) (/Users/masoudhamad/Library/Application Support/MiKTeX/texmfs/install/tex/latex/beamer/beamerbasecolor.sty) (/Users/masoudhamad/Library/Application Support/MiKTeX/texmfs/install/tex/latex/beamer/beamerbasenotes.sty
\beamer@frameboxcopy=\box73
) (/Users/masoudhamad/Library/Application Support/MiKTeX/texmfs/install/tex/latex/beamer/beamerbasetoc.sty) (/Users/masoudhamad/Library/Application Support/MiKTeX/texmfs/install/tex/latex/beamer/beamerbasetemplates.sty
\beamer@sbttoks=\toks33
 (/Users/masoudhamad/Library/Application Support/MiKTeX/texmfs/install/tex/latex/beamer/beamerbaseauxtemplates.sty (/Users/masoudhamad/Library/Application Support/MiKTeX/texmfs/install/tex/latex/beamer/beamerbaseboxes.sty
\bmb@box=\box74
\bmb@colorbox=\box75
\bmb@boxwidth=\dimen282
\bmb@boxheight=\dimen283
\bmb@prevheight=\dimen284
\bmb@temp=\dimen285
\bmb@dima=\dimen286
\bmb@dimb=\dimen287
\bmb@prevheight=\dimen288
)
\beamer@blockheadheight=\dimen289
)) (/Users/masoudhamad/Library/Application Support/MiKTeX/texmfs/install/tex/latex/beamer/beamerbaselocalstructure.sty (/Users/masoudhamad/Library/Application Support/MiKTeX/texmfs/install/tex/latex/tools/enumerate.sty
Package: enumerate 2023/07/04 v3.00 enumerate extensions (DPC)
\@enLab=\toks34
)
\beamer@bibiconwidth=\skip58
\c@figure=\count343
\c@table=\count344
\abovecaptionskip=\skip59
\belowcaptionskip=\skip60
) (/Users/masoudhamad/Library/Application Support/MiKTeX/texmfs/install/tex/latex/beamer/beamerbasenavigation.sty (/Users/masoudhamad/Library/Application Support/MiKTeX/texmfs/install/tex/latex/beamer/beamerbasenavigationsymbols.tex)
\beamer@section@min@dim=\dimen290
) (/Users/masoudhamad/Library/Application Support/MiKTeX/texmfs/install/tex/latex/beamer/beamerbasetheorems.sty (/Users/masoudhamad/Library/Application Support/MiKTeX/texmfs/install/tex/latex/amsmath/amsmath.sty
Package: amsmath 2025/06/16 v2.17y AMS math features
\@mathmargin=\skip61

For additional information on amsmath, use the `?' option.
(/Users/masoudhamad/Library/Application Support/MiKTeX/texmfs/install/tex/latex/amsmath/amstext.sty
Package: amstext 2024/11/17 v2.01 AMS text
 (/Users/masoudhamad/Library/Application Support/MiKTeX/texmfs/install/tex/latex/amsmath/amsgen.sty
File: amsgen.sty 1999/11/30 v2.0 generic functions
\@emptytoks=\toks35
\ex@=\dimen291
)) (/Users/masoudhamad/Library/Application Support/MiKTeX/texmfs/install/tex/latex/amsmath/amsbsy.sty
Package: amsbsy 1999/11/29 v1.2d Bold Symbols
\pmbraise@=\dimen292
) (/Users/masoudhamad/Library/Application Support/MiKTeX/texmfs/install/tex/latex/amsmath/amsopn.sty
Package: amsopn 2022/04/08 v2.04 operator names
)
\inf@bad=\count345
LaTeX Info: Redefining \frac on input line 233.
\uproot@=\count346
\leftroot@=\count347
LaTeX Info: Redefining \overline on input line 398.
LaTeX Info: Redefining \colon on input line 409.
\classnum@=\count348
\DOTSCASE@=\count349
LaTeX Info: Redefining \ldots on input line 495.
LaTeX Info: Redefining \dots on input line 498.
LaTeX Info: Redefining \cdots on input line 619.
\Mathstrutbox@=\box76
\strutbox@=\box77
LaTeX Info: Redefining \big on input line 721.
LaTeX Info: Redefining \Big on input line 722.
LaTeX Info: Redefining \bigg on input line 723.
LaTeX Info: Redefining \Bigg on input line 724.
\big@size=\dimen293
LaTeX Font Info:    Redeclaring font encoding OML on input line 742.
LaTeX Font Info:    Redeclaring font encoding OMS on input line 743.
\macc@depth=\count350
LaTeX Info: Redefining \bmod on input line 904.
LaTeX Info: Redefining \pmod on input line 909.
LaTeX Info: Redefining \smash on input line 939.
LaTeX Info: Redefining \relbar on input line 969.
LaTeX Info: Redefining \Relbar on input line 970.
\c@MaxMatrixCols=\count351
\dotsspace@=\muskip18
\c@parentequation=\count352
\dspbrk@lvl=\count353
\tag@help=\toks36
\row@=\count354
\column@=\count355
\maxfields@=\count356
\andhelp@=\toks37
\eqnshift@=\dimen294
\alignsep@=\dimen295
\tagshift@=\dimen296
\tagwidth@=\dimen297
\totwidth@=\dimen298
\lineht@=\dimen299
\@envbody=\toks38
\multlinegap=\skip62
\multlinetaggap=\skip63
\mathdisplay@stack=\toks39
LaTeX Info: Redefining \[ on input line 2949.
LaTeX Info: Redefining \] on input line 2950.
) (/Users/masoudhamad/Library/Application Support/MiKTeX/texmfs/install/tex/latex/amscls/amsthm.sty
Package: amsthm 2020/05/29 v2.20.6
\thm@style=\toks40
\thm@bodyfont=\toks41
\thm@headfont=\toks42
\thm@notefont=\toks43
\thm@headpunct=\toks44
\thm@preskip=\skip64
\thm@postskip=\skip65
\thm@headsep=\skip66
\dth@everypar=\toks45
)
\c@theorem=\count357
) (/Users/masoudhamad/Library/Application Support/MiKTeX/texmfs/install/tex/latex/beamer/beamerbasethemes.sty)) (/Users/masoudhamad/Library/Application Support/MiKTeX/texmfs/install/tex/latex/beamer/beamerthemedefault.sty (/Users/masoudhamad/Library/Application Support/MiKTeX/texmfs/install/tex/latex/beamer/beamerfontthemedefault.sty) (/Users/masoudhamad/Library/Application Support/MiKTeX/texmfs/install/tex/latex/beamer/beamercolorthemedefault.sty) (/Users/masoudhamad/Library/Application Support/MiKTeX/texmfs/install/tex/latex/beamer/beamerinnerthemedefault.sty
\beamer@dima=\dimen300
\beamer@dimb=\dimen301
) (/Users/masoudhamad/Library/Application Support/MiKTeX/texmfs/install/tex/latex/beamer/beamerouterthemedefault.sty))) (/Users/masoudhamad/Library/Application Support/MiKTeX/texmfs/install/tex/latex/beamer/beamerthemeMadrid.sty (/Users/masoudhamad/Library/Application Support/MiKTeX/texmfs/install/tex/latex/beamer/beamercolorthemewhale.sty) (/Users/masoudhamad/Library/Application Support/MiKTeX/texmfs/install/tex/latex/beamer/beamercolorthemeorchid.sty) (/Users/masoudhamad/Library/Application Support/MiKTeX/texmfs/install/tex/latex/beamer/beamerinnerthemerounded.sty) (/Users/masoudhamad/Library/Application Support/MiKTeX/texmfs/install/tex/latex/beamer/beamerouterthemeinfolines.sty)) (/Users/masoudhamad/Library/Application Support/MiKTeX/texmfs/install/tex/latex/beamer/beamerfontthemeserif.sty) (/Users/masoudhamad/Library/Application Support/MiKTeX/texmfs/install/tex/latex/base/inputenc.sty
Package: inputenc 2024/02/08 v1.3d Input encoding file
\inpenc@prehook=\toks46
\inpenc@posthook=\toks47
) (/Users/masoudhamad/Library/Application Support/MiKTeX/texmfs/install/tex/latex/listings/listings.sty
\lst@mode=\count358
\lst@gtempboxa=\box78
\lst@token=\toks48
\lst@length=\count359
\lst@currlwidth=\dimen302
\lst@column=\count360
\lst@pos=\count361
\lst@lostspace=\dimen303
\lst@width=\dimen304
\lst@newlines=\count362
\lst@lineno=\count363
\lst@maxwidth=\dimen305
 (/Users/masoudhamad/Library/Application Support/MiKTeX/texmfs/install/tex/latex/listings/lstpatch.sty
File: lstpatch.sty 2024/09/23 1.10c (Carsten Heinz)
) (/Users/masoudhamad/Library/Application Support/MiKTeX/texmfs/install/tex/latex/listings/lstmisc.sty
File: lstmisc.sty 2024/09/23 1.10c (Carsten Heinz)
\c@lstnumber=\count364
\lst@skipnumbers=\count365
\lst@framebox=\box79
) (/Users/masoudhamad/Library/Application Support/MiKTeX/texmfs/install/tex/latex/listings/listings.cfg
File: listings.cfg 2024/09/23 1.10c listings configuration
))
Package: listings 2024/09/23 1.10c (Carsten Heinz)
 (/Users/masoudhamad/Library/Application Support/MiKTeX/texmfs/install/tex/latex/l3backend/l3backend-pdftex.def
File: l3backend-pdftex.def 2025-06-09 L3 backend support: PDF output (pdfTeX)
\l__color_backend_stack_int=\count366
) (01_Day1_Basics.aux)
\openout1 = `01_Day1_Basics.aux'.

LaTeX Font Info:    Checking defaults for OML/cmm/m/it on input line 82.
LaTeX Font Info:    ... okay on input line 82.
LaTeX Font Info:    Checking defaults for OMS/cmsy/m/n on input line 82.
LaTeX Font Info:    ... okay on input line 82.
LaTeX Font Info:    Checking defaults for OT1/cmr/m/n on input line 82.
LaTeX Font Info:    ... okay on input line 82.
LaTeX Font Info:    Checking defaults for T1/cmr/m/n on input line 82.
LaTeX Font Info:    ... okay on input line 82.
LaTeX Font Info:    Checking defaults for TS1/cmr/m/n on input line 82.
LaTeX Font Info:    ... okay on input line 82.
LaTeX Font Info:    Checking defaults for OMX/cmex/m/n on input line 82.
LaTeX Font Info:    ... okay on input line 82.
LaTeX Font Info:    Checking defaults for U/cmr/m/n on input line 82.
LaTeX Font Info:    ... okay on input line 82.
LaTeX Font Info:    Checking defaults for PD1/pdf/m/n on input line 82.
LaTeX Font Info:    ... okay on input line 82.
LaTeX Font Info:    Checking defaults for PU/pdf/m/n on input line 82.
LaTeX Font Info:    ... okay on input line 82.

*geometry* driver: auto-detecting
*geometry* detected driver: pdftex
*geometry* verbose mode - [ preamble ] result:
* driver: pdftex
* paper: custom
* layout: <same size as paper>
* layoutoffset:(h,v)=(0.0pt,0.0pt)
* modes: includehead includefoot 
* h-part:(L,W,R)=(10.95003pt, 433.34402pt, 10.95003pt)
* v-part:(T,H,B)=(0.0pt, 256.0748pt, 0.0pt)
* \paperwidth=455.24408pt
* \paperheight=256.0748pt
* \textwidth=433.34402pt
* \textheight=227.62207pt
* \oddsidemargin=-61.31996pt
* \evensidemargin=-61.31996pt
* \topmargin=-72.26999pt
* \headheight=14.22636pt
* \headsep=0.0pt
* \topskip=11.0pt
* \footskip=14.22636pt
* \marginparwidth=4.0pt
* \marginparsep=10.0pt
* \columnsep=10.0pt
* \skip\footins=10.0pt plus 4.0pt minus 2.0pt
* \hoffset=0.0pt
* \voffset=0.0pt
* \mag=1000
* \@twocolumnfalse
* \@twosidefalse
* \@mparswitchfalse
* \@reversemarginfalse
* (1in=72.27pt=25.4mm, 1cm=28.453pt)

(/Users/masoudhamad/Library/Application Support/MiKTeX/texmfs/install/tex/context/base/mkii/supp-pdf.mkii
[Loading MPS to PDF converter (version 2006.09.02).]
\scratchcounter=\count367
\scratchdimen=\dimen306
\scratchbox=\box80
\nofMPsegments=\count368
\nofMParguments=\count369
\everyMPshowfont=\toks49
\MPscratchCnt=\count370
\MPscratchDim=\dimen307
\MPnumerator=\count371
\makeMPintoPDFobject=\count372
\everyMPtoPDFconversion=\toks50
) (/Users/masoudhamad/Library/Application Support/MiKTeX/texmfs/install/tex/latex/epstopdf-pkg/epstopdf-base.sty
Package: epstopdf-base 2020-01-24 v2.11 Base part for package epstopdf
Package epstopdf-base Info: Redefining graphics rule for `.eps' on input line 485.
 (/Users/masoudhamad/Library/Application Support/MiKTeX/texmfs/install/tex/latex/00miktex/epstopdf-sys.cfg
File: epstopdf-sys.cfg 2021/03/18 v2.0 Configuration of epstopdf for MiKTeX
))
Package hyperref Info: Link coloring OFF on input line 82.
 (01_Day1_Basics.out) (01_Day1_Basics.out)
\@outlinefile=\write5
\openout5 = `01_Day1_Basics.out'.

 (/Users/masoudhamad/Library/Application Support/MiKTeX/texmfs/install/tex/latex/translator/translator-basic-dictionary-English.dict
Dictionary: translator-basic-dictionary, Language: English 
) (/Users/masoudhamad/Library/Application Support/MiKTeX/texmfs/install/tex/latex/translator/translator-bibliography-dictionary-English.dict
Dictionary: translator-bibliography-dictionary, Language: English 
) (/Users/masoudhamad/Library/Application Support/MiKTeX/texmfs/install/tex/latex/translator/translator-environment-dictionary-English.dict
Dictionary: translator-environment-dictionary, Language: English 
) (/Users/masoudhamad/Library/Application Support/MiKTeX/texmfs/install/tex/latex/translator/translator-months-dictionary-English.dict
Dictionary: translator-months-dictionary, Language: English 
) (/Users/masoudhamad/Library/Application Support/MiKTeX/texmfs/install/tex/latex/translator/translator-numbers-dictionary-English.dict
Dictionary: translator-numbers-dictionary, Language: English 
) (/Users/masoudhamad/Library/Application Support/MiKTeX/texmfs/install/tex/latex/translator/translator-theorem-dictionary-English.dict
Dictionary: translator-theorem-dictionary, Language: English 
)
\c@lstlisting=\count373
 (01_Day1_Basics.nav)
Overfull \hbox (2.49994pt too wide) in paragraph at lines 82--82
[][]  
 []

<../resources/suza_logo.png, id=52, 112.92188pt x 112.92188pt>
File: ../resources/suza_logo.png Graphic file (type png)
<use ../resources/suza_logo.png>
Package pdftex.def Info: ../resources/suza_logo.png  used on input line 82.
(pdftex.def)             Requested size: 5.16568pt x 5.16663pt.

Overfull \hbox (2.49994pt too wide) in paragraph at lines 86--86
[][]  
 []

File: ../resources/suza_logo.png Graphic file (type png)
<use ../resources/suza_logo.png>
Package pdftex.def Info: ../resources/suza_logo.png  used on input line 86.
(pdftex.def)             Requested size: 5.16568pt x 5.16663pt.


File: ../resources/suza_logo.png Graphic file (type png)
<use ../resources/suza_logo.png>
Package pdftex.def Info: ../resources/suza_logo.png  used on input line 86.
(pdftex.def)             Requested size: 5.16568pt x 5.16663pt.

Overfull \hbox (2.49994pt too wide) has occurred while \output is active
[][] 
 []

[1{/Users/masoudhamad/Library/Application Support/MiKTeX/texmfs/data/fonts/map/pdftex/pdftex.map}

 <../resources/suza_logo.png>]
Overfull \hbox (2.49994pt too wide) in paragraph at lines 90--90
[][]  
 []

File: ../resources/suza_logo.png Graphic file (type png)
<use ../resources/suza_logo.png>
Package pdftex.def Info: ../resources/suza_logo.png  used on input line 90.
(pdftex.def)             Requested size: 5.16568pt x 5.16663pt.
(01_Day1_Basics.toc)

File: ../resources/suza_logo.png Graphic file (type png)
<use ../resources/suza_logo.png>
Package pdftex.def Info: ../resources/suza_logo.png  used on input line 90.
(pdftex.def)             Requested size: 5.16568pt x 5.16663pt.

Overfull \hbox (2.49994pt too wide) has occurred while \output is active
[][] 
 []

[2

]
Overfull \hbox (2.49994pt too wide) in paragraph at lines 110--110
[][]  
 []

File: ../resources/suza_logo.png Graphic file (type png)
<use ../resources/suza_logo.png>
Package pdftex.def Info: ../resources/suza_logo.png  used on input line 110.
(pdftex.def)             Requested size: 5.16568pt x 5.16663pt.


File: ../resources/suza_logo.png Graphic file (type png)
<use ../resources/suza_logo.png>
Package pdftex.def Info: ../resources/suza_logo.png  used on input line 110.
(pdftex.def)             Requested size: 5.16568pt x 5.16663pt.

Overfull \hbox (2.49994pt too wide) has occurred while \output is active
[][] 
 []

[3

]
Overfull \hbox (2.49994pt too wide) in paragraph at lines 134--134
[][]  
 []

File: ../resources/suza_logo.png Graphic file (type png)
<use ../resources/suza_logo.png>
Package pdftex.def Info: ../resources/suza_logo.png  used on input line 134.
(pdftex.def)             Requested size: 5.16568pt x 5.16663pt.
LaTeX Font Info:    Trying to load font information for U+msa on input line 134.
(/Users/masoudhamad/Library/Application Support/MiKTeX/texmfs/install/tex/latex/amsfonts/umsa.fd
File: umsa.fd 2013/01/14 v3.01 AMS symbols A
)
LaTeX Font Info:    Trying to load font information for U+msb on input line 134.
 (/Users/masoudhamad/Library/Application Support/MiKTeX/texmfs/install/tex/latex/amsfonts/umsb.fd
File: umsb.fd 2013/01/14 v3.01 AMS symbols B
)

File: ../resources/suza_logo.png Graphic file (type png)
<use ../resources/suza_logo.png>
Package pdftex.def Info: ../resources/suza_logo.png  used on input line 134.
(pdftex.def)             Requested size: 5.16568pt x 5.16663pt.

Overfull \hbox (2.49994pt too wide) has occurred while \output is active
[][] 
 []

[4

]
Overfull \hbox (2.49994pt too wide) in paragraph at lines 160--160
[][]  
 []

File: ../resources/suza_logo.png Graphic file (type png)
<use ../resources/suza_logo.png>
Package pdftex.def Info: ../resources/suza_logo.png  used on input line 160.
(pdftex.def)             Requested size: 5.16568pt x 5.16663pt.


File: ../resources/suza_logo.png Graphic file (type png)
<use ../resources/suza_logo.png>
Package pdftex.def Info: ../resources/suza_logo.png  used on input line 160.
(pdftex.def)             Requested size: 5.16568pt x 5.16663pt.

Overfull \hbox (2.49994pt too wide) has occurred while \output is active
[][] 
 []

[5

]
Overfull \hbox (2.49994pt too wide) in paragraph at lines 162--162
[][]  
 []

File: ../resources/suza_logo.png Graphic file (type png)
<use ../resources/suza_logo.png>
Package pdftex.def Info: ../resources/suza_logo.png  used on input line 162.
(pdftex.def)             Requested size: 5.16568pt x 5.16663pt.
\openout4 = `01_Day1_Basics.vrb'.


Overfull \hbox (2.49994pt too wide) in paragraph at lines 181--181
[][]  
 []

File: ../resources/suza_logo.png Graphic file (type png)
<use ../resources/suza_logo.png>
Package pdftex.def Info: ../resources/suza_logo.png  used on input line 181.
(pdftex.def)             Requested size: 5.16568pt x 5.16663pt.
(01_Day1_Basics.vrb
LaTeX Font Info:    Trying to load font information for OMS+cmtt on input line 5.
LaTeX Font Info:    No file OMScmtt.fd. on input line 5.


LaTeX Font Warning: Font shape `OMS/cmtt/m/n' undefined
(Font)              using `OMS/cmsy/m/n' instead
(Font)              for symbol `textbackslash' on input line 5.

)

File: ../resources/suza_logo.png Graphic file (type png)
<use ../resources/suza_logo.png>
Package pdftex.def Info: ../resources/suza_logo.png  used on input line 181.
(pdftex.def)             Requested size: 5.16568pt x 5.16663pt.

Overfull \hbox (2.49994pt too wide) has occurred while \output is active
[][] 
 []

[6

]
Overfull \hbox (2.49994pt too wide) in paragraph at lines 186--186
[][]  
 []

File: ../resources/suza_logo.png Graphic file (type png)
<use ../resources/suza_logo.png>
Package pdftex.def Info: ../resources/suza_logo.png  used on input line 186.
(pdftex.def)             Requested size: 5.16568pt x 5.16663pt.
\openout4 = `01_Day1_Basics.vrb'.


Overfull \hbox (2.49994pt too wide) in paragraph at lines 202--202
[][]  
 []

File: ../resources/suza_logo.png Graphic file (type png)
<use ../resources/suza_logo.png>
Package pdftex.def Info: ../resources/suza_logo.png  used on input line 202.
(pdftex.def)             Requested size: 5.16568pt x 5.16663pt.
(01_Day1_Basics.vrb)

File: ../resources/suza_logo.png Graphic file (type png)
<use ../resources/suza_logo.png>
Package pdftex.def Info: ../resources/suza_logo.png  used on input line 202.
(pdftex.def)             Requested size: 5.16568pt x 5.16663pt.

Overfull \hbox (2.49994pt too wide) has occurred while \output is active
[][] 
 []

[7

]
Overfull \hbox (2.49994pt too wide) in paragraph at lines 204--204
[][]  
 []

File: ../resources/suza_logo.png Graphic file (type png)
<use ../resources/suza_logo.png>
Package pdftex.def Info: ../resources/suza_logo.png  used on input line 204.
(pdftex.def)             Requested size: 5.16568pt x 5.16663pt.
\openout4 = `01_Day1_Basics.vrb'.


Overfull \hbox (2.49994pt too wide) in paragraph at lines 222--222
[][]  
 []

File: ../resources/suza_logo.png Graphic file (type png)
<use ../resources/suza_logo.png>
Package pdftex.def Info: ../resources/suza_logo.png  used on input line 222.
(pdftex.def)             Requested size: 5.16568pt x 5.16663pt.
(01_Day1_Basics.vrb)
Overfull \vbox (1.86357pt too high) detected at line 222
 []



File: ../resources/suza_logo.png Graphic file (type png)
<use ../resources/suza_logo.png>
Package pdftex.def Info: ../resources/suza_logo.png  used on input line 222.
(pdftex.def)             Requested size: 5.16568pt x 5.16663pt.

Overfull \hbox (2.49994pt too wide) has occurred while \output is active
[][] 
 []

[8

]
Overfull \hbox (2.49994pt too wide) in paragraph at lines 224--224
[][]  
 []

File: ../resources/suza_logo.png Graphic file (type png)
<use ../resources/suza_logo.png>
Package pdftex.def Info: ../resources/suza_logo.png  used on input line 224.
(pdftex.def)             Requested size: 5.16568pt x 5.16663pt.
\openout4 = `01_Day1_Basics.vrb'.


Overfull \hbox (2.49994pt too wide) in paragraph at lines 236--236
[][]  
 []

File: ../resources/suza_logo.png Graphic file (type png)
<use ../resources/suza_logo.png>
Package pdftex.def Info: ../resources/suza_logo.png  used on input line 236.
(pdftex.def)             Requested size: 5.16568pt x 5.16663pt.
(01_Day1_Basics.vrb)

File: ../resources/suza_logo.png Graphic file (type png)
<use ../resources/suza_logo.png>
Package pdftex.def Info: ../resources/suza_logo.png  used on input line 236.
(pdftex.def)             Requested size: 5.16568pt x 5.16663pt.

Overfull \hbox (2.49994pt too wide) has occurred while \output is active
[][] 
 []

[9

]
Overfull \hbox (2.49994pt too wide) in paragraph at lines 241--241
[][]  
 []

File: ../resources/suza_logo.png Graphic file (type png)
<use ../resources/suza_logo.png>
Package pdftex.def Info: ../resources/suza_logo.png  used on input line 241.
(pdftex.def)             Requested size: 5.16568pt x 5.16663pt.
\openout4 = `01_Day1_Basics.vrb'.


Overfull \hbox (2.49994pt too wide) in paragraph at lines 262--262
[][]  
 []

File: ../resources/suza_logo.png Graphic file (type png)
<use ../resources/suza_logo.png>
Package pdftex.def Info: ../resources/suza_logo.png  used on input line 262.
(pdftex.def)             Requested size: 5.16568pt x 5.16663pt.
(01_Day1_Basics.vrb)

File: ../resources/suza_logo.png Graphic file (type png)
<use ../resources/suza_logo.png>
Package pdftex.def Info: ../resources/suza_logo.png  used on input line 262.
(pdftex.def)             Requested size: 5.16568pt x 5.16663pt.

Overfull \hbox (2.49994pt too wide) has occurred while \output is active
[][] 
 []

[10

]
Overfull \hbox (2.49994pt too wide) in paragraph at lines 264--264
[][]  
 []

File: ../resources/suza_logo.png Graphic file (type png)
<use ../resources/suza_logo.png>
Package pdftex.def Info: ../resources/suza_logo.png  used on input line 264.
(pdftex.def)             Requested size: 5.16568pt x 5.16663pt.
\openout4 = `01_Day1_Basics.vrb'.


Overfull \hbox (2.49994pt too wide) in paragraph at lines 282--282
[][]  
 []

File: ../resources/suza_logo.png Graphic file (type png)
<use ../resources/suza_logo.png>
Package pdftex.def Info: ../resources/suza_logo.png  used on input line 282.
(pdftex.def)             Requested size: 5.16568pt x 5.16663pt.
(01_Day1_Basics.vrb)

File: ../resources/suza_logo.png Graphic file (type png)
<use ../resources/suza_logo.png>
Package pdftex.def Info: ../resources/suza_logo.png  used on input line 282.
(pdftex.def)             Requested size: 5.16568pt x 5.16663pt.

Overfull \hbox (2.49994pt too wide) has occurred while \output is active
[][] 
 []

[11

]
Overfull \hbox (2.49994pt too wide) in paragraph at lines 284--284
[][]  
 []

File: ../resources/suza_logo.png Graphic file (type png)
<use ../resources/suza_logo.png>
Package pdftex.def Info: ../resources/suza_logo.png  used on input line 284.
(pdftex.def)             Requested size: 5.16568pt x 5.16663pt.
\openout4 = `01_Day1_Basics.vrb'.


Overfull \hbox (2.49994pt too wide) in paragraph at lines 308--308
[][]  
 []

File: ../resources/suza_logo.png Graphic file (type png)
<use ../resources/suza_logo.png>
Package pdftex.def Info: ../resources/suza_logo.png  used on input line 308.
(pdftex.def)             Requested size: 5.16568pt x 5.16663pt.
(01_Day1_Basics.vrb)

File: ../resources/suza_logo.png Graphic file (type png)
<use ../resources/suza_logo.png>
Package pdftex.def Info: ../resources/suza_logo.png  used on input line 308.
(pdftex.def)             Requested size: 5.16568pt x 5.16663pt.

Overfull \hbox (2.49994pt too wide) has occurred while \output is active
[][] 
 []

[12

]
Overfull \hbox (2.49994pt too wide) in paragraph at lines 310--310
[][]  
 []

File: ../resources/suza_logo.png Graphic file (type png)
<use ../resources/suza_logo.png>
Package pdftex.def Info: ../resources/suza_logo.png  used on input line 310.
(pdftex.def)             Requested size: 5.16568pt x 5.16663pt.
\openout4 = `01_Day1_Basics.vrb'.


Overfull \hbox (2.49994pt too wide) in paragraph at lines 327--327
[][]  
 []

File: ../resources/suza_logo.png Graphic file (type png)
<use ../resources/suza_logo.png>
Package pdftex.def Info: ../resources/suza_logo.png  used on input line 327.
(pdftex.def)             Requested size: 5.16568pt x 5.16663pt.
(01_Day1_Basics.vrb)

File: ../resources/suza_logo.png Graphic file (type png)
<use ../resources/suza_logo.png>
Package pdftex.def Info: ../resources/suza_logo.png  used on input line 327.
(pdftex.def)             Requested size: 5.16568pt x 5.16663pt.

Overfull \hbox (2.49994pt too wide) has occurred while \output is active
[][] 
 []

[13

]
Overfull \hbox (2.49994pt too wide) in paragraph at lines 332--332
[][]  
 []

File: ../resources/suza_logo.png Graphic file (type png)
<use ../resources/suza_logo.png>
Package pdftex.def Info: ../resources/suza_logo.png  used on input line 332.
(pdftex.def)             Requested size: 5.16568pt x 5.16663pt.
\openout4 = `01_Day1_Basics.vrb'.


Overfull \hbox (2.49994pt too wide) in paragraph at lines 354--354
[][]  
 []

File: ../resources/suza_logo.png Graphic file (type png)
<use ../resources/suza_logo.png>
Package pdftex.def Info: ../resources/suza_logo.png  used on input line 354.
(pdftex.def)             Requested size: 5.16568pt x 5.16663pt.
(01_Day1_Basics.vrb)
Overfull \vbox (29.44435pt too high) detected at line 354
 []



File: ../resources/suza_logo.png Graphic file (type png)
<use ../resources/suza_logo.png>
Package pdftex.def Info: ../resources/suza_logo.png  used on input line 354.
(pdftex.def)             Requested size: 5.16568pt x 5.16663pt.

Overfull \hbox (2.49994pt too wide) has occurred while \output is active
[][] 
 []

[14

]
Overfull \hbox (2.49994pt too wide) in paragraph at lines 356--356
[][]  
 []

File: ../resources/suza_logo.png Graphic file (type png)
<use ../resources/suza_logo.png>
Package pdftex.def Info: ../resources/suza_logo.png  used on input line 356.
(pdftex.def)             Requested size: 5.16568pt x 5.16663pt.
\openout4 = `01_Day1_Basics.vrb'.


Overfull \hbox (2.49994pt too wide) in paragraph at lines 376--376
[][]  
 []

File: ../resources/suza_logo.png Graphic file (type png)
<use ../resources/suza_logo.png>
Package pdftex.def Info: ../resources/suza_logo.png  used on input line 376.
(pdftex.def)             Requested size: 5.16568pt x 5.16663pt.
(01_Day1_Basics.vrb)

File: ../resources/suza_logo.png Graphic file (type png)
<use ../resources/suza_logo.png>
Package pdftex.def Info: ../resources/suza_logo.png  used on input line 376.
(pdftex.def)             Requested size: 5.16568pt x 5.16663pt.

Overfull \hbox (2.49994pt too wide) has occurred while \output is active
[][] 
 []

[15

]
Overfull \hbox (2.49994pt too wide) in paragraph at lines 378--378
[][]  
 []

File: ../resources/suza_logo.png Graphic file (type png)
<use ../resources/suza_logo.png>
Package pdftex.def Info: ../resources/suza_logo.png  used on input line 378.
(pdftex.def)             Requested size: 5.16568pt x 5.16663pt.
\openout4 = `01_Day1_Basics.vrb'.


Overfull \hbox (2.49994pt too wide) in paragraph at lines 397--397
[][]  
 []

File: ../resources/suza_logo.png Graphic file (type png)
<use ../resources/suza_logo.png>
Package pdftex.def Info: ../resources/suza_logo.png  used on input line 397.
(pdftex.def)             Requested size: 5.16568pt x 5.16663pt.
(01_Day1_Basics.vrb)

File: ../resources/suza_logo.png Graphic file (type png)
<use ../resources/suza_logo.png>
Package pdftex.def Info: ../resources/suza_logo.png  used on input line 397.
(pdftex.def)             Requested size: 5.16568pt x 5.16663pt.

Overfull \hbox (2.49994pt too wide) has occurred while \output is active
[][] 
 []

[16

]
Overfull \hbox (2.49994pt too wide) in paragraph at lines 399--399
[][]  
 []

File: ../resources/suza_logo.png Graphic file (type png)
<use ../resources/suza_logo.png>
Package pdftex.def Info: ../resources/suza_logo.png  used on input line 399.
(pdftex.def)             Requested size: 5.16568pt x 5.16663pt.
\openout4 = `01_Day1_Basics.vrb'.


Overfull \hbox (2.49994pt too wide) in paragraph at lines 416--416
[][]  
 []

File: ../resources/suza_logo.png Graphic file (type png)
<use ../resources/suza_logo.png>
Package pdftex.def Info: ../resources/suza_logo.png  used on input line 416.
(pdftex.def)             Requested size: 5.16568pt x 5.16663pt.
(01_Day1_Basics.vrb)
Overfull \vbox (11.54861pt too high) detected at line 416
 []



File: ../resources/suza_logo.png Graphic file (type png)
<use ../resources/suza_logo.png>
Package pdftex.def Info: ../resources/suza_logo.png  used on input line 416.
(pdftex.def)             Requested size: 5.16568pt x 5.16663pt.

Overfull \hbox (2.49994pt too wide) has occurred while \output is active
[][] 
 []

[17

]
Overfull \hbox (2.49994pt too wide) in paragraph at lines 418--418
[][]  
 []

File: ../resources/suza_logo.png Graphic file (type png)
<use ../resources/suza_logo.png>
Package pdftex.def Info: ../resources/suza_logo.png  used on input line 418.
(pdftex.def)             Requested size: 5.16568pt x 5.16663pt.
\openout4 = `01_Day1_Basics.vrb'.


Overfull \hbox (2.49994pt too wide) in paragraph at lines 432--432
[][]  
 []

File: ../resources/suza_logo.png Graphic file (type png)
<use ../resources/suza_logo.png>
Package pdftex.def Info: ../resources/suza_logo.png  used on input line 432.
(pdftex.def)             Requested size: 5.16568pt x 5.16663pt.
(01_Day1_Basics.vrb)

File: ../resources/suza_logo.png Graphic file (type png)
<use ../resources/suza_logo.png>
Package pdftex.def Info: ../resources/suza_logo.png  used on input line 432.
(pdftex.def)             Requested size: 5.16568pt x 5.16663pt.

Overfull \hbox (2.49994pt too wide) has occurred while \output is active
[][] 
 []

[18

]
Overfull \hbox (2.49994pt too wide) in paragraph at lines 434--434
[][]  
 []

File: ../resources/suza_logo.png Graphic file (type png)
<use ../resources/suza_logo.png>
Package pdftex.def Info: ../resources/suza_logo.png  used on input line 434.
(pdftex.def)             Requested size: 5.16568pt x 5.16663pt.
\openout4 = `01_Day1_Basics.vrb'.


Overfull \hbox (2.49994pt too wide) in paragraph at lines 449--449
[][]  
 []

File: ../resources/suza_logo.png Graphic file (type png)
<use ../resources/suza_logo.png>
Package pdftex.def Info: ../resources/suza_logo.png  used on input line 449.
(pdftex.def)             Requested size: 5.16568pt x 5.16663pt.
(01_Day1_Basics.vrb)

File: ../resources/suza_logo.png Graphic file (type png)
<use ../resources/suza_logo.png>
Package pdftex.def Info: ../resources/suza_logo.png  used on input line 449.
(pdftex.def)             Requested size: 5.16568pt x 5.16663pt.

Overfull \hbox (2.49994pt too wide) has occurred while \output is active
[][] 
 []

[19

]
Overfull \hbox (2.49994pt too wide) in paragraph at lines 454--454
[][]  
 []

File: ../resources/suza_logo.png Graphic file (type png)
<use ../resources/suza_logo.png>
Package pdftex.def Info: ../resources/suza_logo.png  used on input line 454.
(pdftex.def)             Requested size: 5.16568pt x 5.16663pt.
\openout4 = `01_Day1_Basics.vrb'.


Overfull \hbox (2.49994pt too wide) in paragraph at lines 469--469
[][]  
 []

File: ../resources/suza_logo.png Graphic file (type png)
<use ../resources/suza_logo.png>
Package pdftex.def Info: ../resources/suza_logo.png  used on input line 469.
(pdftex.def)             Requested size: 5.16568pt x 5.16663pt.
(01_Day1_Basics.vrb)

File: ../resources/suza_logo.png Graphic file (type png)
<use ../resources/suza_logo.png>
Package pdftex.def Info: ../resources/suza_logo.png  used on input line 469.
(pdftex.def)             Requested size: 5.16568pt x 5.16663pt.

Overfull \hbox (2.49994pt too wide) has occurred while \output is active
[][] 
 []

[20

]
Overfull \hbox (2.49994pt too wide) in paragraph at lines 471--471
[][]  
 []

File: ../resources/suza_logo.png Graphic file (type png)
<use ../resources/suza_logo.png>
Package pdftex.def Info: ../resources/suza_logo.png  used on input line 471.
(pdftex.def)             Requested size: 5.16568pt x 5.16663pt.
\openout4 = `01_Day1_Basics.vrb'.


Overfull \hbox (2.49994pt too wide) in paragraph at lines 491--491
[][]  
 []

File: ../resources/suza_logo.png Graphic file (type png)
<use ../resources/suza_logo.png>
Package pdftex.def Info: ../resources/suza_logo.png  used on input line 491.
(pdftex.def)             Requested size: 5.16568pt x 5.16663pt.
(01_Day1_Basics.vrb)

File: ../resources/suza_logo.png Graphic file (type png)
<use ../resources/suza_logo.png>
Package pdftex.def Info: ../resources/suza_logo.png  used on input line 491.
(pdftex.def)             Requested size: 5.16568pt x 5.16663pt.

Overfull \hbox (2.49994pt too wide) has occurred while \output is active
[][] 
 []

[21

]
Overfull \hbox (2.49994pt too wide) in paragraph at lines 493--493
[][]  
 []

File: ../resources/suza_logo.png Graphic file (type png)
<use ../resources/suza_logo.png>
Package pdftex.def Info: ../resources/suza_logo.png  used on input line 493.
(pdftex.def)             Requested size: 5.16568pt x 5.16663pt.
\openout4 = `01_Day1_Basics.vrb'.


Overfull \hbox (2.49994pt too wide) in paragraph at lines 511--511
[][]  
 []

File: ../resources/suza_logo.png Graphic file (type png)
<use ../resources/suza_logo.png>
Package pdftex.def Info: ../resources/suza_logo.png  used on input line 511.
(pdftex.def)             Requested size: 5.16568pt x 5.16663pt.
(01_Day1_Basics.vrb)

File: ../resources/suza_logo.png Graphic file (type png)
<use ../resources/suza_logo.png>
Package pdftex.def Info: ../resources/suza_logo.png  used on input line 511.
(pdftex.def)             Requested size: 5.16568pt x 5.16663pt.

Overfull \hbox (2.49994pt too wide) has occurred while \output is active
[][] 
 []

[22

]
Overfull \hbox (2.49994pt too wide) in paragraph at lines 513--513
[][]  
 []

File: ../resources/suza_logo.png Graphic file (type png)
<use ../resources/suza_logo.png>
Package pdftex.def Info: ../resources/suza_logo.png  used on input line 513.
(pdftex.def)             Requested size: 5.16568pt x 5.16663pt.
\openout4 = `01_Day1_Basics.vrb'.


Overfull \hbox (2.49994pt too wide) in paragraph at lines 529--529
[][]  
 []

File: ../resources/suza_logo.png Graphic file (type png)
<use ../resources/suza_logo.png>
Package pdftex.def Info: ../resources/suza_logo.png  used on input line 529.
(pdftex.def)             Requested size: 5.16568pt x 5.16663pt.
(01_Day1_Basics.vrb)

File: ../resources/suza_logo.png Graphic file (type png)
<use ../resources/suza_logo.png>
Package pdftex.def Info: ../resources/suza_logo.png  used on input line 529.
(pdftex.def)             Requested size: 5.16568pt x 5.16663pt.

Overfull \hbox (2.49994pt too wide) has occurred while \output is active
[][] 
 []

[23

]
Overfull \hbox (2.49994pt too wide) in paragraph at lines 534--534
[][]  
 []

File: ../resources/suza_logo.png Graphic file (type png)
<use ../resources/suza_logo.png>
Package pdftex.def Info: ../resources/suza_logo.png  used on input line 534.
(pdftex.def)             Requested size: 5.16568pt x 5.16663pt.
\openout4 = `01_Day1_Basics.vrb'.


Overfull \hbox (2.49994pt too wide) in paragraph at lines 552--552
[][]  
 []

File: ../resources/suza_logo.png Graphic file (type png)
<use ../resources/suza_logo.png>
Package pdftex.def Info: ../resources/suza_logo.png  used on input line 552.
(pdftex.def)             Requested size: 5.16568pt x 5.16663pt.
(01_Day1_Basics.vrb)

File: ../resources/suza_logo.png Graphic file (type png)
<use ../resources/suza_logo.png>
Package pdftex.def Info: ../resources/suza_logo.png  used on input line 552.
(pdftex.def)             Requested size: 5.16568pt x 5.16663pt.

Overfull \hbox (2.49994pt too wide) has occurred while \output is active
[][] 
 []

[24

]
Overfull \hbox (2.49994pt too wide) in paragraph at lines 554--554
[][]  
 []

File: ../resources/suza_logo.png Graphic file (type png)
<use ../resources/suza_logo.png>
Package pdftex.def Info: ../resources/suza_logo.png  used on input line 554.
(pdftex.def)             Requested size: 5.16568pt x 5.16663pt.
\openout4 = `01_Day1_Basics.vrb'.


Overfull \hbox (2.49994pt too wide) in paragraph at lines 573--573
[][]  
 []

File: ../resources/suza_logo.png Graphic file (type png)
<use ../resources/suza_logo.png>
Package pdftex.def Info: ../resources/suza_logo.png  used on input line 573.
(pdftex.def)             Requested size: 5.16568pt x 5.16663pt.
(01_Day1_Basics.vrb)

File: ../resources/suza_logo.png Graphic file (type png)
<use ../resources/suza_logo.png>
Package pdftex.def Info: ../resources/suza_logo.png  used on input line 573.
(pdftex.def)             Requested size: 5.16568pt x 5.16663pt.

Overfull \hbox (2.49994pt too wide) has occurred while \output is active
[][] 
 []

[25

]
Overfull \hbox (2.49994pt too wide) in paragraph at lines 599--599
[][]  
 []

File: ../resources/suza_logo.png Graphic file (type png)
<use ../resources/suza_logo.png>
Package pdftex.def Info: ../resources/suza_logo.png  used on input line 599.
(pdftex.def)             Requested size: 5.16568pt x 5.16663pt.


File: ../resources/suza_logo.png Graphic file (type png)
<use ../resources/suza_logo.png>
Package pdftex.def Info: ../resources/suza_logo.png  used on input line 599.
(pdftex.def)             Requested size: 5.16568pt x 5.16663pt.

Overfull \hbox (2.49994pt too wide) has occurred while \output is active
[][] 
 []

[26

]
Overfull \hbox (2.49994pt too wide) in paragraph at lines 621--621
[][]  
 []

File: ../resources/suza_logo.png Graphic file (type png)
<use ../resources/suza_logo.png>
Package pdftex.def Info: ../resources/suza_logo.png  used on input line 621.
(pdftex.def)             Requested size: 5.16568pt x 5.16663pt.


File: ../resources/suza_logo.png Graphic file (type png)
<use ../resources/suza_logo.png>
Package pdftex.def Info: ../resources/suza_logo.png  used on input line 621.
(pdftex.def)             Requested size: 5.16568pt x 5.16663pt.

Overfull \hbox (2.49994pt too wide) has occurred while \output is active
[][] 
 []

[27

]
Overfull \hbox (2.49994pt too wide) in paragraph at lines 646--646
[][]  
 []

File: ../resources/suza_logo.png Graphic file (type png)
<use ../resources/suza_logo.png>
Package pdftex.def Info: ../resources/suza_logo.png  used on input line 646.
(pdftex.def)             Requested size: 5.16568pt x 5.16663pt.


File: ../resources/suza_logo.png Graphic file (type png)
<use ../resources/suza_logo.png>
Package pdftex.def Info: ../resources/suza_logo.png  used on input line 646.
(pdftex.def)             Requested size: 5.16568pt x 5.16663pt.

Overfull \hbox (2.49994pt too wide) has occurred while \output is active
[][] 
 []

[28

]
Overfull \hbox (2.49994pt too wide) in paragraph at lines 669--669
[][]  
 []

File: ../resources/suza_logo.png Graphic file (type png)
<use ../resources/suza_logo.png>
Package pdftex.def Info: ../resources/suza_logo.png  used on input line 669.
(pdftex.def)             Requested size: 5.16568pt x 5.16663pt.
LaTeX Font Info:    Trying to load font information for OMS+cmr on input line 669.
(/Users/masoudhamad/Library/Application Support/MiKTeX/texmfs/install/tex/latex/base/omscmr.fd
File: omscmr.fd 2024/11/19 v2.5n Standard LaTeX font definitions
)
LaTeX Font Info:    Font shape `OMS/cmr/m/n' in size <10> not available
(Font)              Font shape `OMS/cmsy/m/n' tried instead on input line 669.


File: ../resources/suza_logo.png Graphic file (type png)
<use ../resources/suza_logo.png>
Package pdftex.def Info: ../resources/suza_logo.png  used on input line 669.
(pdftex.def)             Requested size: 5.16568pt x 5.16663pt.

Overfull \hbox (2.49994pt too wide) has occurred while \output is active
[][] 
 []

[29

]
Overfull \hbox (2.49994pt too wide) in paragraph at lines 697--697
[][]  
 []

File: ../resources/suza_logo.png Graphic file (type png)
<use ../resources/suza_logo.png>
Package pdftex.def Info: ../resources/suza_logo.png  used on input line 697.
(pdftex.def)             Requested size: 5.16568pt x 5.16663pt.


File: ../resources/suza_logo.png Graphic file (type png)
<use ../resources/suza_logo.png>
Package pdftex.def Info: ../resources/suza_logo.png  used on input line 697.
(pdftex.def)             Requested size: 5.16568pt x 5.16663pt.

Overfull \hbox (2.49994pt too wide) has occurred while \output is active
[][] 
 []

[30

]
Overfull \hbox (2.49994pt too wide) in paragraph at lines 716--716
[][]  
 []

File: ../resources/suza_logo.png Graphic file (type png)
<use ../resources/suza_logo.png>
Package pdftex.def Info: ../resources/suza_logo.png  used on input line 716.
(pdftex.def)             Requested size: 5.16568pt x 5.16663pt.


File: ../resources/suza_logo.png Graphic file (type png)
<use ../resources/suza_logo.png>
Package pdftex.def Info: ../resources/suza_logo.png  used on input line 716.
(pdftex.def)             Requested size: 5.16568pt x 5.16663pt.

Overfull \hbox (2.49994pt too wide) has occurred while \output is active
[][] 
 []

[31

]
Overfull \hbox (2.49994pt too wide) in paragraph at lines 737--737
[][]  
 []

File: ../resources/suza_logo.png Graphic file (type png)
<use ../resources/suza_logo.png>
Package pdftex.def Info: ../resources/suza_logo.png  used on input line 737.
(pdftex.def)             Requested size: 5.16568pt x 5.16663pt.


File: ../resources/suza_logo.png Graphic file (type png)
<use ../resources/suza_logo.png>
Package pdftex.def Info: ../resources/suza_logo.png  used on input line 737.
(pdftex.def)             Requested size: 5.16568pt x 5.16663pt.

Overfull \hbox (2.49994pt too wide) has occurred while \output is active
[][] 
 []

[32

]
\tf@nav=\write6
\openout6 = `01_Day1_Basics.nav'.

\tf@toc=\write7
\openout7 = `01_Day1_Basics.toc'.

\tf@snm=\write8
\openout8 = `01_Day1_Basics.snm'.

 (01_Day1_Basics.aux)
 ***********
LaTeX2e <2025-06-01> patch level 1
L3 programming layer <2025-09-02>
 ***********


LaTeX Font Warning: Some font shapes were not available, defaults substituted.

Package rerunfilecheck Info: File `01_Day1_Basics.out' has not changed.
(rerunfilecheck)             Checksum: 853555AB7FCAD0191EE7C7482D08A25E;1249.
 ) 
Here is how much of TeX's memory you used:
 23846 strings out of 468135
 470412 string characters out of 5419178
 968776 words of memory out of 5000000
 51874 multiletter control sequences out of 15000+600000
 635526 words of font info for 72 fonts, out of 8000000 for 9000
 1141 hyphenation exceptions out of 8191
 128i,19n,123p,497b,1500s stack positions out of 10000i,1000n,20000p,200000b,200000s
 </Users/masoudhamad/Library/Application Support/MiKTeX/texmfs/data/fonts/pk/ljfour/jknappen/ec/dpi600/tcrm1000.pk> </Users/masoudhamad/Library/Application Support/MiKTeX/texmfs/data/fonts/pk/ljfour/jknappen/ec/dpi600/tcbx1095.pk> </Users/masoudhamad/Library/Application Support/MiKTeX/texmfs/data/fonts/pk/ljfour/jknappen/ec/dpi600/tctt1000.pk> </Users/masoudhamad/Library/Application Support/MiKTeX/texmfs/data/fonts/pk/ljfour/jknappen/ec/dpi600/tctt1095.pk></Users/masoudhamad/Library/Application Support/MiKTeX/texmfs/install/fonts/type1/public/amsfonts/cm/cmbx10.pfb></Users/masoudhamad/Library/Application Support/MiKTeX/texmfs/install/fonts/type1/public/amsfonts/cm/cmbx12.pfb></Users/masoudhamad/Library/Application Support/MiKTeX/texmfs/install/fonts/type1/public/amsfonts/cm/cmex10.pfb></Users/masoudhamad/Library/Application Support/MiKTeX/texmfs/install/fonts/type1/public/amsfonts/cm/cmmi10.pfb></Users/masoudhamad/Library/Application Support/MiKTeX/texmfs/install/fonts/type1/public/amsfonts/cm/cmmi8.pfb></Users/masoudhamad/Library/Application Support/MiKTeX/texmfs/install/fonts/type1/public/amsfonts/cm/cmr10.pfb></Users/masoudhamad/Library/Application Support/MiKTeX/texmfs/install/fonts/type1/public/amsfonts/cm/cmr12.pfb></Users/masoudhamad/Library/Application Support/MiKTeX/texmfs/install/fonts/type1/public/amsfonts/cm/cmr6.pfb></Users/masoudhamad/Library/Application Support/MiKTeX/texmfs/install/fonts/type1/public/amsfonts/cm/cmr8.pfb></Users/masoudhamad/Library/Application Support/MiKTeX/texmfs/install/fonts/type1/public/amsfonts/cm/cmsy10.pfb></Users/masoudhamad/Library/Application Support/MiKTeX/texmfs/install/fonts/type1/public/amsfonts/cm/cmsy8.pfb></Users/masoudhamad/Library/Application Support/MiKTeX/texmfs/install/fonts/type1/public/amsfonts/cm/cmti10.pfb></Users/masoudhamad/Library/Application Support/MiKTeX/texmfs/install/fonts/type1/public/amsfonts/cm/cmtt10.pfb>
Output written on 01_Day1_Basics.pdf (32 pages, 475505 bytes).
PDF statistics:
 1110 PDF objects out of 1200 (max. 8388607)
 75 named destinations out of 1000 (max. 500000)
 506 words of extra memory for PDF output out of 10000 (max. 10000000)

